\BOOKMARK [0][]{chapter.1}{\376\377\0001\000\040\000P\000y\000t\000h\000o\000n\000\040\166\204\133\211\210\305\124\214\117\177\165\050}{}% 1
\BOOKMARK [0][]{chapter.2}{\376\377\0002\000\040\176\337\213\241\145\160\143\156\166\204\143\317\217\360}{}% 2
\BOOKMARK [1][]{section.2.1}{\376\377\0002\000.\0001\000\040\176\337\213\241\145\160\143\156\166\204\145\164\164\006}{chapter.2}% 3
\BOOKMARK [2][]{subsection.2.1.1}{\376\377\0002\000.\0001\000.\0001\000\040\145\160\143\156\133\241\150\070}{section.2.1}% 4
\BOOKMARK [2][]{subsection.2.1.2}{\376\377\0002\000.\0001\000.\0002\000\040\145\160\143\156\143\222\136\217}{section.2.1}% 5
\BOOKMARK [2][]{subsection.2.1.3}{\376\377\0002\000.\0001\000.\0003\000\040\145\160\143\156\122\006\176\304}{section.2.1}% 6
\BOOKMARK [1][]{section.2.2}{\376\377\0002\000.\0002\000\040\176\337\213\241\145\160\143\156\166\204\126\376\137\142\134\125\171\072}{chapter.2}% 7
\BOOKMARK [2][]{subsection.2.2.1}{\376\377\0002\000.\0002\000.\0001\000\040\176\277\126\376}{section.2.2}% 8
\BOOKMARK [2][]{subsection.2.2.2}{\376\377\0002\000.\0002\000.\0002\000\040\145\143\160\271\126\376}{section.2.2}% 9
\BOOKMARK [2][]{subsection.2.2.3}{\376\377\0002\000.\0002\000.\0003\000\040\166\364\145\271\126\376}{section.2.2}% 10
\BOOKMARK [2][]{subsection.2.2.4}{\376\377\0002\000.\0002\000.\0004\000\040\231\174\126\376}{section.2.2}% 11
\BOOKMARK [2][]{subsection.2.2.5}{\376\377\0002\000.\0002\000.\0005\000\040\173\261\127\213\126\376}{section.2.2}% 12
\BOOKMARK [2][]{subsection.2.2.6}{\376\377\0002\000.\0002\000.\0006\000\040\226\367\217\276\126\376}{section.2.2}% 13
\BOOKMARK [2][]{subsection.2.2.7}{\376\377\0002\000.\0002\000.\0007\000\040\116\011\176\364\126\376\137\142}{section.2.2}% 14
\BOOKMARK [0][]{chapter.3}{\376\377\0003\000\040\151\202\163\207\060\001\151\202\163\207\122\006\136\003\116\016\142\275\150\067\122\006\136\003}{}% 15
\BOOKMARK [0][]{chapter.4}{\376\377\0004\000\040\123\302\145\160\117\060\213\241\116\016\120\107\213\276\150\300\232\214}{}% 16
\BOOKMARK [0][]{chapter.5}{\376\377\0005\000\040\145\271\135\356\122\006\147\220}{}% 17
\BOOKMARK [0][]{chapter.6}{\376\377\0006\000\040\176\277\140\047\126\336\137\122}{}% 18
\BOOKMARK [0][]{chapter.7}{\376\377\0007\000\040\227\136\176\277\140\047\126\336\137\122}{}% 19
\BOOKMARK [0][]{chapter.8}{\376\377\0008\000\040\116\073\142\020\122\006\122\006\147\220}{}% 20
\BOOKMARK [0][]{chapter.9}{\376\377\0009\000\040\126\340\133\120\122\006\147\220}{}% 21
\BOOKMARK [0][]{chapter.10}{\376\377\0001\0000\000\040\145\366\225\364\136\217\122\027\122\006\147\220\124\214\230\204\155\113}{}% 22
\BOOKMARK [0][]{chapter.11}{\376\377\0001\0001\000\040\000E\000l\000e\000g\000a\000n\000t\000L\000a\000T\000e\000X\000\040\174\373\122\027\152\041\147\177\116\313\176\315}{}% 23
\BOOKMARK [1][]{section.11.1}{\376\377\0001\0001\000.\0001\000\040\000E\000l\000e\000g\000a\000n\000t\000B\000o\000o\000k\000\040\146\364\145\260\213\364\146\016}{chapter.11}% 24
\BOOKMARK [1][]{section.11.2}{\376\377\0001\0001\000.\0002\000\040\152\041\147\177\133\211\210\305\116\016\146\364\145\260}{chapter.11}% 25
\BOOKMARK [1][]{section.11.3}{\376\377\0001\0001\000.\0003\000\040\127\050\176\277\117\177\165\050\152\041\147\177}{chapter.11}% 26
\BOOKMARK [1][]{section.11.4}{\376\377\0001\0001\000.\0004\000\040\165\050\142\067\117\134\124\301\213\241\122\022}{chapter.11}% 27
\BOOKMARK [1][]{section.11.5}{\376\377\0001\0001\000.\0005\000\040\121\163\116\216\143\320\116\244}{chapter.11}% 28
\BOOKMARK [1][]{section.11.6}{\376\377\0001\0001\000.\0006\000\040\123\117\117\134\116\272\124\130\142\333\122\337}{chapter.11}% 29
\BOOKMARK [1][]{section.11.7}{\376\377\0001\0001\000.\0007\000\040\201\364\214\042}{chapter.11}% 30
\BOOKMARK [0][]{chapter.12}{\376\377\0001\0002\000\040\000E\000l\000e\000g\000a\000n\000t\000B\000o\000o\000k\000\040\213\276\177\156\213\364\146\016}{}% 31
\BOOKMARK [1][]{section.12.1}{\376\377\0001\0002\000.\0001\000\040\213\355\212\000\152\041\137\017}{chapter.12}% 32
\BOOKMARK [1][]{section.12.2}{\376\377\0001\0002\000.\0002\000\040\213\276\131\007\220\011\230\171}{chapter.12}% 33
\BOOKMARK [1][]{section.12.3}{\376\377\0001\0002\000.\0003\000\040\230\234\202\162\116\073\230\230}{chapter.12}% 34
\BOOKMARK [1][]{section.12.4}{\376\377\0001\0002\000.\0004\000\040\172\340\150\007\230\230\146\076\171\072\230\316\150\074}{chapter.12}% 35
\BOOKMARK [1][]{section.12.5}{\376\377\0001\0002\000.\0005\000\040\145\160\133\146\163\257\130\203\173\200\116\313}{chapter.12}% 36
\BOOKMARK [2][]{subsection.12.5.1}{\376\377\0001\0002\000.\0005\000.\0001\000\040\133\232\164\006\174\173\163\257\130\203\166\204\117\177\165\050}{section.12.5}% 37
\BOOKMARK [2][]{subsection.12.5.2}{\376\377\0001\0002\000.\0005\000.\0002\000\040\121\166\116\326\163\257\130\203\166\204\117\177\165\050}{section.12.5}% 38
\BOOKMARK [1][]{section.12.6}{\376\377\0001\0002\000.\0006\000\040\210\305\231\160\162\151}{chapter.12}% 39
\BOOKMARK [1][]{section.12.7}{\376\377\0001\0002\000.\0007\000\040\134\001\227\142\124\214\137\275\150\007}{chapter.12}% 40
\BOOKMARK [1][]{section.12.8}{\376\377\0001\0002\000.\0008\000\040\122\027\210\150\163\257\130\203}{chapter.12}% 41
\BOOKMARK [1][]{section.12.9}{\376\377\0001\0002\000.\0009\000\040\123\302\200\003\145\207\163\056}{chapter.12}% 42
\BOOKMARK [1][]{section.12.10}{\376\377\0001\0002\000.\0001\0000\000\040\155\373\122\240\136\217\172\340}{chapter.12}% 43
\BOOKMARK [1][]{section.12.11}{\376\377\0001\0002\000.\0001\0001\000\040\172\340\202\202\144\130\211\201}{chapter.12}% 44
\BOOKMARK [1][]{section.12.12}{\376\377\0001\0002\000.\0001\0002\000\040\172\340\124\016\116\140\230\230}{chapter.12}% 45
\BOOKMARK [0][]{chapter.13}{\376\377\0001\0003\000\040\000E\000l\000e\000g\000a\000n\000t\000B\000o\000o\000k\000\040\121\231\117\134\171\072\117\213}{}% 46
\BOOKMARK [1][]{section.13.1}{\376\377\0001\0003\000.\0001\000\040\000L\000e\000b\000e\000s\000g\000u\000e\000\040\171\357\122\006}{chapter.13}% 47
\BOOKMARK [2][]{subsection.13.1.1}{\376\377\0001\0003\000.\0001\000.\0001\000\040\171\357\122\006\166\204\133\232\116\111}{section.13.1}% 48
\BOOKMARK [0][]{chapter.14}{\376\377\0001\0004\000\040\145\301\154\350}{}% 49
\BOOKMARK [0][]{chapter.15}{\376\377\0001\0005\000\040\136\070\211\301\225\356\230\230\226\306}{}% 50
\BOOKMARK [0][]{appendix.A}{\376\377\000A\000\040\127\372\147\054\145\160\133\146\135\345\121\167}{}% 51
\BOOKMARK [1][]{section.A.1}{\376\377\000A\000.\0001\000\040\154\102\124\214\173\227\133\120\116\016\143\317\217\360\176\337\213\241\221\317}{appendix.A}% 52
\BOOKMARK [0][]{appendix.B}{\376\377\000B\000\040\147\000\134\017\171\072\117\213}{}% 53
